<?xml version="1.0" encoding="UTF-8"?>
<testng-results skipped="0" failed="0" total="2" passed="2">
  <reporter-output>
  </reporter-output>
  <suite name="Default suite" duration-ms="32" started-at="2018-06-19T07:03:36Z" finished-at="2018-06-19T07:03:36Z">
    <groups>
    </groups>
    <test name="Default test" duration-ms="32" started-at="2018-06-19T07:03:36Z" finished-at="2018-06-19T07:03:36Z">
      <class name="testNGExample.DataProviderExample2">
        <test-method status="PASS" signature="testForLogin(java.lang.String, java.lang.String)[pri:0, instance:testNGExample.DataProviderExample2@458ad742]" name="testForLogin" duration-ms="9" started-at="2018-06-19T12:33:36Z" data-provider="Authentication" finished-at="2018-06-19T12:33:36Z">
          <params>
            <param index="0">
              <value>
                <![CDATA[user1]]>
              </value>
            </param>
            <param index="1">
              <value>
                <![CDATA[pass1]]>
              </value>
            </param>
          </params>
          <reporter-output>
          </reporter-output>
        </test-method> <!-- testForLogin -->
        <test-method status="PASS" signature="testForLogin(java.lang.String, java.lang.String)[pri:0, instance:testNGExample.DataProviderExample2@458ad742]" name="testForLogin" duration-ms="1" started-at="2018-06-19T12:33:36Z" data-provider="Authentication" finished-at="2018-06-19T12:33:36Z">
          <params>
            <param index="0">
              <value>
                <![CDATA[user2]]>
              </value>
            </param>
            <param index="1">
              <value>
                <![CDATA[pass2]]>
              </value>
            </param>
          </params>
          <reporter-output>
          </reporter-output>
        </test-method> <!-- testForLogin -->
      </class> <!-- testNGExample.DataProviderExample2 -->
    </test> <!-- Default test -->
  </suite> <!-- Default suite -->
</testng-results>
